[debug] [2020-11-23T07:46:36.363Z] ----------------------------------------------------------------------
[debug] [2020-11-23T07:46:36.366Z] Command:       /usr/bin/node /usr/bin/firebase init
[debug] [2020-11-23T07:46:36.367Z] CLI Version:   8.16.2
[debug] [2020-11-23T07:46:36.367Z] Platform:      linux
[debug] [2020-11-23T07:46:36.367Z] Node Version:  v12.19.0
[debug] [2020-11-23T07:46:36.367Z] Time:          Mon Nov 23 2020 13:16:36 GMT+0530 (India Standard Time)
[debug] [2020-11-23T07:46:36.367Z] ----------------------------------------------------------------------
[debug] [2020-11-23T07:46:36.368Z] 
[debug] [2020-11-23T07:46:36.373Z] > command requires scopes: ["email","openid","https://www.googleapis.com/auth/cloudplatformprojects.readonly","https://www.googleapis.com/auth/firebase","https://www.googleapis.com/auth/cloud-platform"]
[debug] [2020-11-23T07:46:36.374Z] > authorizing via signed-in user
[info] 
     ######## #### ########  ######## ########     ###     ######  ########
     ##        ##  ##     ## ##       ##     ##  ##   ##  ##       ##
     ######    ##  ########  ######   ########  #########  ######  ######
     ##        ##  ##    ##  ##       ##     ## ##     ##       ## ##
     ##       #### ##     ## ######## ########  ##     ##  ######  ########

You're about to initialize a Firebase project in this directory:

  /home/nishanttomar/Desktop/stay-fit

Before we get started, keep in mind:

  * You are initializing in an existing Firebase project directory

[info] 
=== Project Setup
[info] 
[info] First, let's associate this project directory with a Firebase project.
[info] You can create multiple project aliases by running firebase use --add, 
[info] but for now we'll just set up a default project.
[info] 
[info] i  .firebaserc already has a default project, using stayfit-d84a1. 
[debug] [2020-11-23T07:46:38.907Z] >>> HTTP REQUEST GET https://firebase.googleapis.com/v1beta1/projects/stayfit-d84a1  
 
[debug] [2020-11-23T07:46:39.627Z] <<< HTTP RESPONSE 200 {"content-type":"application/json; charset=UTF-8","vary":"X-Origin, Referer, Origin,Accept-Encoding","date":"Mon, 23 Nov 2020 07:46:39 GMT","server":"ESF","cache-control":"private","x-xss-protection":"0","x-frame-options":"SAMEORIGIN","x-content-type-options":"nosniff","alt-svc":"h3-29=\":443\"; ma=2592000,h3-T051=\":443\"; ma=2592000,h3-Q050=\":443\"; ma=2592000,h3-Q046=\":443\"; ma=2592000,h3-Q043=\":443\"; ma=2592000,quic=\":443\"; ma=2592000; v=\"46,43\"","accept-ranges":"none","transfer-encoding":"chunked"}
[info] 
=== Hosting Setup
[info] 
[info] Your public directory is the folder (relative to your project directory) that
[info] will contain Hosting assets to be uploaded with firebase deploy. If you
[info] have a build process for your assets, use your build's output directory.
[info] 
[debug] [2020-11-23T07:46:49.409Z] >>> HTTP REQUEST GET https://www.gstatic.com/firebasejs/releases.json  
 
[debug] [2020-11-23T07:46:50.283Z] <<< HTTP RESPONSE 200 {"accept-ranges":"bytes","vary":"Accept-Encoding, Origin","content-type":"application/json","cross-origin-resource-policy":"cross-origin","content-length":"1411","date":"Mon, 23 Nov 2020 07:44:57 GMT","expires":"Mon, 23 Nov 2020 08:34:57 GMT","last-modified":"Fri, 20 Nov 2020 01:53:31 GMT","x-content-type-options":"nosniff","server":"sffe","x-xss-protection":"0","cache-control":"public, max-age=3000","age":"113","alt-svc":"h3-29=\":443\"; ma=2592000,h3-T051=\":443\"; ma=2592000,h3-Q050=\":443\"; ma=2592000,h3-Q046=\":443\"; ma=2592000,h3-Q043=\":443\"; ma=2592000,quic=\":443\"; ma=2592000; v=\"46,43\""}
[info] i  Skipping write of build/index.html 
[info] 
[info] i  Writing configuration info to firebase.json... 
[debug] [2020-11-23T07:46:51.459Z] Error: EACCES: permission denied, open '/home/nishanttomar/Desktop/stay-fit/firebase.json'
    at Object.openSync (fs.js:462:3)
    at Object.writeFileSync (fs.js:1384:35)
    at Config.writeProjectFile (/usr/lib/node_modules/firebase-tools/lib/config.js:156:8)
    at /usr/lib/node_modules/firebase-tools/lib/commands/init.js:140:16
    at processTicksAndRejections (internal/process/task_queues.js:97:5)
[error] 
[error] Error: An unexpected error has occurred.
